[2018-01-03T14:01:09+0100] DFHack 0.44.03-beta1-0-g677833ee on Linux; cwd md5: 27d1c9aa05; save: region2; SC_WORLD_LOADED; game type DWARF_MAIN (0)
[2018-01-03T14:01:09+0100] DFHack 0.44.03-beta1-0-g677833ee on Linux; cwd md5: 27d1c9aa05; save: region2; SC_MAP_LOADED; game type DWARF_MAIN (0)
[2018-01-03T17:55:05+0100] DFHack 0.44.03-beta1-0-g677833ee on Linux; cwd md5: 27d1c9aa05; save: region2; SC_MAP_UNLOADED; game type DWARF_MAIN (0)
[2018-01-03T17:55:05+0100] DFHack 0.44.03-beta1-0-g677833ee on Linux; cwd md5: 27d1c9aa05; save: region2; SC_WORLD_UNLOADED; game type DWARF_MAIN (0)
[2018-01-03T19:47:59+0100] DFHack 0.44.03-beta1-0-g677833ee on Linux; cwd md5: 27d1c9aa05; save: region2; SC_WORLD_LOADED; game type DWARF_MAIN (0)
[2018-01-03T19:47:59+0100] DFHack 0.44.03-beta1-0-g677833ee on Linux; cwd md5: 27d1c9aa05; save: region2; SC_MAP_LOADED; game type DWARF_MAIN (0)
[2018-01-03T23:06:21+0100] DFHack 0.44.03-beta1-0-g677833ee on Linux; cwd md5: 27d1c9aa05; save: region2; SC_MAP_UNLOADED; game type DWARF_MAIN (0)
[2018-01-03T23:06:21+0100] DFHack 0.44.03-beta1-0-g677833ee on Linux; cwd md5: 27d1c9aa05; save: region2; SC_WORLD_UNLOADED; game type DWARF_MAIN (0)
[2018-01-04T13:11:12+0100] DFHack 0.44.03-beta1-0-g677833ee on Linux; cwd md5: 27d1c9aa05; save: region2; SC_WORLD_LOADED; game type DWARF_MAIN (0)
[2018-01-04T13:11:12+0100] DFHack 0.44.03-beta1-0-g677833ee on Linux; cwd md5: 27d1c9aa05; save: region2; SC_MAP_LOADED; game type DWARF_MAIN (0)
[2018-01-04T14:11:07+0100] DFHack 0.44.03-beta1-0-g677833ee on Linux; cwd md5: 27d1c9aa05; save: region2; SC_MAP_UNLOADED; game type DWARF_MAIN (0)
[2018-01-04T14:11:07+0100] DFHack 0.44.03-beta1-0-g677833ee on Linux; cwd md5: 27d1c9aa05; save: region2; SC_WORLD_UNLOADED; game type DWARF_MAIN (0)
[2018-01-05T09:04:38+0100] DFHack 0.44.03-beta1-0-g677833ee on Linux; cwd md5: 27d1c9aa05; save: region2; SC_WORLD_LOADED; game type DWARF_MAIN (0)
[2018-01-05T09:04:38+0100] DFHack 0.44.03-beta1-0-g677833ee on Linux; cwd md5: 27d1c9aa05; save: region2; SC_MAP_LOADED; game type DWARF_MAIN (0)
[2018-01-05T09:09:58+0100] DFHack 0.44.03-beta1-0-g677833ee on Linux; cwd md5: 27d1c9aa05; save: region2; SC_MAP_UNLOADED; game type DWARF_MAIN (0)
[2018-01-05T09:09:58+0100] DFHack 0.44.03-beta1-0-g677833ee on Linux; cwd md5: 27d1c9aa05; save: region2; SC_WORLD_UNLOADED; game type DWARF_MAIN (0)
[2018-01-05T10:48:35+0100] DFHack 0.44.03-beta1-0-g677833ee on Linux; cwd md5: 27d1c9aa05; save: region2; SC_WORLD_LOADED; game type DWARF_MAIN (0)
[2018-01-05T10:48:35+0100] DFHack 0.44.03-beta1-0-g677833ee on Linux; cwd md5: 27d1c9aa05; save: region2; SC_MAP_LOADED; game type DWARF_MAIN (0)
[2018-01-05T10:52:46+0100] DFHack 0.44.03-beta1-0-g677833ee on Linux; cwd md5: 27d1c9aa05; save: region2; SC_MAP_UNLOADED; game type DWARF_MAIN (0)
[2018-01-05T10:52:46+0100] DFHack 0.44.03-beta1-0-g677833ee on Linux; cwd md5: 27d1c9aa05; save: region2; SC_WORLD_UNLOADED; game type DWARF_MAIN (0)
[2018-01-05T12:39:15+0100] DFHack 0.44.03-beta1-0-g677833ee on Linux; cwd md5: 27d1c9aa05; save: region2; SC_WORLD_LOADED; game type DWARF_MAIN (0)
[2018-01-05T12:39:15+0100] DFHack 0.44.03-beta1-0-g677833ee on Linux; cwd md5: 27d1c9aa05; save: region2; SC_MAP_LOADED; game type DWARF_MAIN (0)
[2018-01-05T13:15:06+0100] DFHack 0.44.03-beta1-0-g677833ee on Linux; cwd md5: 27d1c9aa05; save: region2; SC_MAP_UNLOADED; game type DWARF_MAIN (0)
[2018-01-05T13:15:06+0100] DFHack 0.44.03-beta1-0-g677833ee on Linux; cwd md5: 27d1c9aa05; save: region2; SC_WORLD_UNLOADED; game type DWARF_MAIN (0)
[2018-01-05T13:39:47+0100] DFHack 0.44.03-beta1-0-g677833ee on Linux; cwd md5: 27d1c9aa05; save: region2; SC_WORLD_LOADED; game type DWARF_MAIN (0)
[2018-01-05T13:39:47+0100] DFHack 0.44.03-beta1-0-g677833ee on Linux; cwd md5: 27d1c9aa05; save: region2; SC_MAP_LOADED; game type DWARF_MAIN (0)
[2018-01-05T14:08:25+0100] DFHack 0.44.03-beta1-0-g677833ee on Linux; cwd md5: 27d1c9aa05; save: region2; SC_MAP_UNLOADED; game type DWARF_MAIN (0)
[2018-01-05T14:08:25+0100] DFHack 0.44.03-beta1-0-g677833ee on Linux; cwd md5: 27d1c9aa05; save: region2; SC_WORLD_UNLOADED; game type DWARF_MAIN (0)
[2018-01-08T13:35:48+0100] DFHack 0.44.03-beta1-0-g677833ee on Linux; cwd md5: 27d1c9aa05; save: region2; SC_WORLD_LOADED; game type DWARF_MAIN (0)
[2018-01-08T13:35:48+0100] DFHack 0.44.03-beta1-0-g677833ee on Linux; cwd md5: 27d1c9aa05; save: region2; SC_MAP_LOADED; game type DWARF_MAIN (0)
[2018-01-08T14:26:27+0100] DFHack 0.44.03-beta1-0-g677833ee on Linux; cwd md5: 27d1c9aa05; save: region2; SC_MAP_UNLOADED; game type DWARF_MAIN (0)
[2018-01-08T14:26:27+0100] DFHack 0.44.03-beta1-0-g677833ee on Linux; cwd md5: 27d1c9aa05; save: region2; SC_WORLD_UNLOADED; game type DWARF_MAIN (0)
[2018-01-08T21:07:45+0100] DFHack 0.44.03-beta1-0-g677833ee on Linux; cwd md5: 27d1c9aa05; save: region2; SC_WORLD_LOADED; game type DWARF_MAIN (0)
[2018-01-08T21:07:46+0100] DFHack 0.44.03-beta1-0-g677833ee on Linux; cwd md5: 27d1c9aa05; save: region2; SC_MAP_LOADED; game type DWARF_MAIN (0)
[2018-01-08T22:14:01+0100] DFHack 0.44.03-beta1-0-g677833ee on Linux; cwd md5: 27d1c9aa05; save: region2; SC_MAP_UNLOADED; game type DWARF_MAIN (0)
[2018-01-08T22:14:01+0100] DFHack 0.44.03-beta1-0-g677833ee on Linux; cwd md5: 27d1c9aa05; save: region2; SC_WORLD_UNLOADED; game type DWARF_MAIN (0)
[2018-01-09T13:07:01+0100] DFHack 0.44.03-beta1-0-g677833ee on Linux; cwd md5: 27d1c9aa05; save: region2; SC_WORLD_LOADED; game type DWARF_MAIN (0)
[2018-01-09T13:07:01+0100] DFHack 0.44.03-beta1-0-g677833ee on Linux; cwd md5: 27d1c9aa05; save: region2; SC_MAP_LOADED; game type DWARF_MAIN (0)
[2018-01-09T14:19:21+0100] DFHack 0.44.03-beta1-0-g677833ee on Linux; cwd md5: 27d1c9aa05; save: region2; SC_MAP_UNLOADED; game type DWARF_MAIN (0)
[2018-01-09T14:19:21+0100] DFHack 0.44.03-beta1-0-g677833ee on Linux; cwd md5: 27d1c9aa05; save: region2; SC_WORLD_UNLOADED; game type DWARF_MAIN (0)
[2018-01-09T15:10:02+0100] DFHack 0.44.03-beta1-0-g677833ee on Linux; cwd md5: 27d1c9aa05; save: region2; SC_WORLD_LOADED; game type DWARF_MAIN (0)
[2018-01-09T15:10:02+0100] DFHack 0.44.03-beta1-0-g677833ee on Linux; cwd md5: 27d1c9aa05; save: region2; SC_MAP_LOADED; game type DWARF_MAIN (0)
[2018-01-09T15:16:53+0100] DFHack 0.44.03-beta1-0-g677833ee on Linux; cwd md5: 27d1c9aa05; save: region2; SC_MAP_UNLOADED; game type DWARF_MAIN (0)
[2018-01-09T15:16:53+0100] DFHack 0.44.03-beta1-0-g677833ee on Linux; cwd md5: 27d1c9aa05; save: region2; SC_WORLD_UNLOADED; game type DWARF_MAIN (0)
[2018-01-09T15:59:03+0100] DFHack 0.44.03-beta1-0-g677833ee on Linux; cwd md5: 27d1c9aa05; save: region2; SC_WORLD_LOADED; game type DWARF_MAIN (0)
[2018-01-09T15:59:03+0100] DFHack 0.44.03-beta1-0-g677833ee on Linux; cwd md5: 27d1c9aa05; save: region2; SC_MAP_LOADED; game type DWARF_MAIN (0)
[2018-01-09T17:55:09+0100] DFHack 0.44.03-beta1-0-g677833ee on Linux; cwd md5: 27d1c9aa05; save: region2; SC_MAP_UNLOADED; game type DWARF_MAIN (0)
[2018-01-09T17:55:09+0100] DFHack 0.44.03-beta1-0-g677833ee on Linux; cwd md5: 27d1c9aa05; save: region2; SC_WORLD_UNLOADED; game type DWARF_MAIN (0)
[2018-01-09T20:06:39+0100] DFHack 0.44.03-beta1-0-g677833ee on Linux; cwd md5: 27d1c9aa05; save: region2; SC_WORLD_LOADED; game type DWARF_MAIN (0)
[2018-01-09T20:06:39+0100] DFHack 0.44.03-beta1-0-g677833ee on Linux; cwd md5: 27d1c9aa05; save: region2; SC_MAP_LOADED; game type DWARF_MAIN (0)
[2018-01-09T21:07:55+0100] DFHack 0.44.03-beta1-0-g677833ee on Linux; cwd md5: 27d1c9aa05; save: region2; SC_MAP_UNLOADED; game type DWARF_MAIN (0)
[2018-01-09T21:07:55+0100] DFHack 0.44.03-beta1-0-g677833ee on Linux; cwd md5: 27d1c9aa05; save: region2; SC_WORLD_UNLOADED; game type DWARF_MAIN (0)
[2018-01-10T09:09:06+0100] DFHack 0.44.03-beta1-0-g677833ee on Linux; cwd md5: 27d1c9aa05; save: region2; SC_WORLD_LOADED; game type DWARF_MAIN (0)
[2018-01-10T09:09:06+0100] DFHack 0.44.03-beta1-0-g677833ee on Linux; cwd md5: 27d1c9aa05; save: region2; SC_MAP_LOADED; game type DWARF_MAIN (0)
[2018-01-10T09:12:48+0100] DFHack 0.44.03-beta1-0-g677833ee on Linux; cwd md5: 27d1c9aa05; save: region2; SC_MAP_UNLOADED; game type DWARF_MAIN (0)
[2018-01-10T09:12:48+0100] DFHack 0.44.03-beta1-0-g677833ee on Linux; cwd md5: 27d1c9aa05; save: region2; SC_WORLD_UNLOADED; game type DWARF_MAIN (0)
[2018-01-10T12:29:54+0100] DFHack 0.44.03-beta1-0-g677833ee on Linux; cwd md5: 27d1c9aa05; save: region2; SC_WORLD_LOADED; game type DWARF_MAIN (0)
[2018-01-10T12:29:54+0100] DFHack 0.44.03-beta1-0-g677833ee on Linux; cwd md5: 27d1c9aa05; save: region2; SC_MAP_LOADED; game type DWARF_MAIN (0)
[2018-01-10T13:19:20+0100] DFHack 0.44.03-beta1-0-g677833ee on Linux; cwd md5: 27d1c9aa05; save: region2; SC_MAP_UNLOADED; game type DWARF_MAIN (0)
[2018-01-10T13:19:20+0100] DFHack 0.44.03-beta1-0-g677833ee on Linux; cwd md5: 27d1c9aa05; save: region2; SC_WORLD_UNLOADED; game type DWARF_MAIN (0)
[2018-01-10T13:39:32+0100] DFHack 0.44.03-beta1-0-g677833ee on Linux; cwd md5: 27d1c9aa05; save: region2; SC_WORLD_LOADED; game type DWARF_MAIN (0)
[2018-01-10T13:39:32+0100] DFHack 0.44.03-beta1-0-g677833ee on Linux; cwd md5: 27d1c9aa05; save: region2; SC_MAP_LOADED; game type DWARF_MAIN (0)
[2018-01-10T14:09:54+0100] DFHack 0.44.03-beta1-0-g677833ee on Linux; cwd md5: 27d1c9aa05; save: region2; SC_MAP_UNLOADED; game type DWARF_MAIN (0)
[2018-01-10T14:09:54+0100] DFHack 0.44.03-beta1-0-g677833ee on Linux; cwd md5: 27d1c9aa05; save: region2; SC_WORLD_UNLOADED; game type DWARF_MAIN (0)
[2018-01-10T15:59:17+0100] DFHack 0.44.03-beta1-0-g677833ee on Linux; cwd md5: 27d1c9aa05; save: region2; SC_WORLD_LOADED; game type DWARF_MAIN (0)
[2018-01-10T15:59:17+0100] DFHack 0.44.03-beta1-0-g677833ee on Linux; cwd md5: 27d1c9aa05; save: region2; SC_MAP_LOADED; game type DWARF_MAIN (0)
[2018-01-10T16:00:39+0100] DFHack 0.44.03-beta1-0-g677833ee on Linux; cwd md5: 27d1c9aa05; save: region2; SC_WORLD_LOADED; game type DWARF_MAIN (0)
[2018-01-10T16:00:39+0100] DFHack 0.44.03-beta1-0-g677833ee on Linux; cwd md5: 27d1c9aa05; save: region2; SC_MAP_LOADED; game type DWARF_MAIN (0)
[2018-01-10T18:36:04+0100] DFHack 0.44.03-beta1-0-g677833ee on Linux; cwd md5: 27d1c9aa05; save: region2; SC_MAP_UNLOADED; game type DWARF_MAIN (0)
[2018-01-10T18:36:04+0100] DFHack 0.44.03-beta1-0-g677833ee on Linux; cwd md5: 27d1c9aa05; save: region2; SC_WORLD_UNLOADED; game type DWARF_MAIN (0)
[2018-01-10T18:41:58+0100] DFHack 0.44.03-beta1-0-g677833ee on Linux; cwd md5: 27d1c9aa05; save: region2; SC_WORLD_LOADED; game type DWARF_MAIN (0)
[2018-01-10T18:41:58+0100] DFHack 0.44.03-beta1-0-g677833ee on Linux; cwd md5: 27d1c9aa05; save: region2; SC_MAP_LOADED; game type DWARF_MAIN (0)
[2018-01-10T21:54:49+0100] DFHack 0.44.03-beta1-0-g677833ee on Linux; cwd md5: 27d1c9aa05; save: region2; SC_MAP_UNLOADED; game type DWARF_MAIN (0)
[2018-01-10T21:54:49+0100] DFHack 0.44.03-beta1-0-g677833ee on Linux; cwd md5: 27d1c9aa05; save: region2; SC_WORLD_UNLOADED; game type DWARF_MAIN (0)
[2018-01-11T09:33:03+0100] DFHack 0.44.03-beta1-0-g677833ee on Linux; cwd md5: 27d1c9aa05; save: region2; SC_WORLD_LOADED; game type DWARF_MAIN (0)
[2018-01-11T09:33:03+0100] DFHack 0.44.03-beta1-0-g677833ee on Linux; cwd md5: 27d1c9aa05; save: region2; SC_MAP_LOADED; game type DWARF_MAIN (0)
[2018-01-11T10:36:35+0100] DFHack 0.44.03-beta1-0-g677833ee on Linux; cwd md5: 27d1c9aa05; save: region2; SC_MAP_UNLOADED; game type DWARF_MAIN (0)
[2018-01-11T10:36:35+0100] DFHack 0.44.03-beta1-0-g677833ee on Linux; cwd md5: 27d1c9aa05; save: region2; SC_WORLD_UNLOADED; game type DWARF_MAIN (0)
[2018-01-11T13:04:14+0100] DFHack 0.44.03-beta1-0-g677833ee on Linux; cwd md5: 27d1c9aa05; save: region2; SC_WORLD_LOADED; game type DWARF_MAIN (0)
[2018-01-11T13:04:14+0100] DFHack 0.44.03-beta1-0-g677833ee on Linux; cwd md5: 27d1c9aa05; save: region2; SC_MAP_LOADED; game type DWARF_MAIN (0)
[2018-01-11T15:51:33+0100] DFHack 0.44.03-beta1-0-g677833ee on Linux; cwd md5: 27d1c9aa05; save: region2; SC_MAP_UNLOADED; game type DWARF_MAIN (0)
[2018-01-11T15:51:33+0100] DFHack 0.44.03-beta1-0-g677833ee on Linux; cwd md5: 27d1c9aa05; save: region2; SC_WORLD_UNLOADED; game type DWARF_MAIN (0)
[2018-01-11T15:59:26+0100] DFHack 0.44.03-beta1-0-g677833ee on Linux; cwd md5: 27d1c9aa05; save: region2; SC_WORLD_LOADED; game type DWARF_MAIN (0)
[2018-01-11T15:59:26+0100] DFHack 0.44.03-beta1-0-g677833ee on Linux; cwd md5: 27d1c9aa05; save: region2; SC_MAP_LOADED; game type DWARF_MAIN (0)
[2018-01-11T16:41:36+0100] DFHack 0.44.03-beta1-0-g677833ee on Linux; cwd md5: 27d1c9aa05; save: region2; SC_WORLD_LOADED; game type DWARF_MAIN (0)
[2018-01-11T16:41:36+0100] DFHack 0.44.03-beta1-0-g677833ee on Linux; cwd md5: 27d1c9aa05; save: region2; SC_MAP_LOADED; game type DWARF_MAIN (0)
[2018-01-11T17:35:51+0100] DFHack 0.44.03-beta1-0-g677833ee on Linux; cwd md5: 27d1c9aa05; save: region2; SC_WORLD_LOADED; game type DWARF_MAIN (0)
[2018-01-11T17:35:51+0100] DFHack 0.44.03-beta1-0-g677833ee on Linux; cwd md5: 27d1c9aa05; save: region2; SC_MAP_LOADED; game type DWARF_MAIN (0)
[2018-01-11T17:48:01+0100] DFHack 0.44.03-beta1-0-g677833ee on Linux; cwd md5: 27d1c9aa05; save: region2; SC_MAP_UNLOADED; game type DWARF_MAIN (0)
[2018-01-11T17:48:01+0100] DFHack 0.44.03-beta1-0-g677833ee on Linux; cwd md5: 27d1c9aa05; save: region2; SC_WORLD_UNLOADED; game type DWARF_MAIN (0)
[2018-01-11T17:50:18+0100] DFHack 0.44.03-beta1-0-g677833ee on Linux; cwd md5: 27d1c9aa05; save: region2; SC_WORLD_LOADED; game type DWARF_MAIN (0)
[2018-01-11T17:50:18+0100] DFHack 0.44.03-beta1-0-g677833ee on Linux; cwd md5: 27d1c9aa05; save: region2; SC_MAP_LOADED; game type DWARF_MAIN (0)
[2018-01-11T18:12:10+0100] DFHack 0.44.03-beta1-0-g677833ee on Linux; cwd md5: 27d1c9aa05; save: region2; SC_MAP_UNLOADED; game type DWARF_MAIN (0)
[2018-01-11T18:12:10+0100] DFHack 0.44.03-beta1-0-g677833ee on Linux; cwd md5: 27d1c9aa05; save: region2; SC_WORLD_UNLOADED; game type DWARF_MAIN (0)
[2018-01-11T18:44:59+0100] DFHack 0.44.03-beta1-0-g677833ee on Linux; cwd md5: 27d1c9aa05; save: region2; SC_WORLD_LOADED; game type DWARF_MAIN (0)
[2018-01-11T18:45:00+0100] DFHack 0.44.03-beta1-0-g677833ee on Linux; cwd md5: 27d1c9aa05; save: region2; SC_MAP_LOADED; game type DWARF_MAIN (0)
[2018-01-11T20:46:14+0100] DFHack 0.44.03-beta1-0-g677833ee on Linux; cwd md5: 27d1c9aa05; save: region2; SC_MAP_UNLOADED; game type DWARF_MAIN (0)
[2018-01-11T20:46:14+0100] DFHack 0.44.03-beta1-0-g677833ee on Linux; cwd md5: 27d1c9aa05; save: region2; SC_WORLD_UNLOADED; game type DWARF_MAIN (0)
[2018-01-11T21:22:20+0100] DFHack 0.44.03-beta1-0-g677833ee on Linux; cwd md5: 27d1c9aa05; save: region2; SC_WORLD_LOADED; game type DWARF_MAIN (0)
[2018-01-11T21:22:20+0100] DFHack 0.44.03-beta1-0-g677833ee on Linux; cwd md5: 27d1c9aa05; save: region2; SC_MAP_LOADED; game type DWARF_MAIN (0)
[2018-01-11T22:41:00+0100] DFHack 0.44.03-beta1-0-g677833ee on Linux; cwd md5: 27d1c9aa05; save: region2; SC_MAP_UNLOADED; game type DWARF_MAIN (0)
[2018-01-11T22:41:00+0100] DFHack 0.44.03-beta1-0-g677833ee on Linux; cwd md5: 27d1c9aa05; save: region2; SC_WORLD_UNLOADED; game type DWARF_MAIN (0)
[2018-01-12T13:03:25+0100] DFHack 0.44.03-beta1-0-g677833ee on Linux; cwd md5: 27d1c9aa05; save: region2; SC_WORLD_LOADED; game type DWARF_MAIN (0)
[2018-01-12T13:03:25+0100] DFHack 0.44.03-beta1-0-g677833ee on Linux; cwd md5: 27d1c9aa05; save: region2; SC_MAP_LOADED; game type DWARF_MAIN (0)
[2018-01-12T13:52:17+0100] DFHack 0.44.03-beta1-0-g677833ee on Linux; cwd md5: 27d1c9aa05; save: region2; SC_MAP_UNLOADED; game type DWARF_MAIN (0)
[2018-01-12T13:52:17+0100] DFHack 0.44.03-beta1-0-g677833ee on Linux; cwd md5: 27d1c9aa05; save: region2; SC_WORLD_UNLOADED; game type DWARF_MAIN (0)
[2018-01-12T18:12:58+0100] DFHack 0.44.03-beta1-0-g677833ee on Linux; cwd md5: 27d1c9aa05; save: region2; SC_WORLD_LOADED; game type DWARF_MAIN (0)
[2018-01-12T18:12:58+0100] DFHack 0.44.03-beta1-0-g677833ee on Linux; cwd md5: 27d1c9aa05; save: region2; SC_MAP_LOADED; game type DWARF_MAIN (0)
[2018-01-12T19:25:29+0100] DFHack 0.44.03-beta1-0-g677833ee on Linux; cwd md5: 27d1c9aa05; save: region2; SC_MAP_UNLOADED; game type DWARF_MAIN (0)
[2018-01-12T19:25:29+0100] DFHack 0.44.03-beta1-0-g677833ee on Linux; cwd md5: 27d1c9aa05; save: region2; SC_WORLD_UNLOADED; game type DWARF_MAIN (0)
[2018-01-12T19:28:57+0100] DFHack 0.44.03-beta1-0-g677833ee on Linux; cwd md5: 27d1c9aa05; save: region2; SC_WORLD_LOADED; game type DWARF_MAIN (0)
[2018-01-12T19:28:57+0100] DFHack 0.44.03-beta1-0-g677833ee on Linux; cwd md5: 27d1c9aa05; save: region2; SC_MAP_LOADED; game type DWARF_MAIN (0)
[2018-01-12T22:09:25+0100] DFHack 0.44.03-beta1-0-g677833ee on Linux; cwd md5: 27d1c9aa05; save: region2; SC_MAP_UNLOADED; game type DWARF_MAIN (0)
[2018-01-12T22:09:25+0100] DFHack 0.44.03-beta1-0-g677833ee on Linux; cwd md5: 27d1c9aa05; save: region2; SC_WORLD_UNLOADED; game type DWARF_MAIN (0)
[2018-01-15T20:45:46+0100] DFHack 0.44.05-alpha1-0-gce1644d6 on Windows; cwd md5: 27d1c9aa05; save: region2; SC_WORLD_LOADED; game type DWARF_MAIN (0)
[2018-01-15T20:45:46+0100] DFHack 0.44.05-alpha1-0-gce1644d6 on Windows; cwd md5: 27d1c9aa05; save: region2; SC_MAP_LOADED; game type DWARF_MAIN (0)
[2018-01-16T09:47:24+0100] DFHack 0.44.05-alpha1-0-gce1644d6 on Windows; cwd md5: 27d1c9aa05; save: region2; SC_MAP_UNLOADED; game type DWARF_MAIN (0)
[2018-01-16T09:47:24+0100] DFHack 0.44.05-alpha1-0-gce1644d6 on Windows; cwd md5: 27d1c9aa05; save: region2; SC_WORLD_UNLOADED; game type DWARF_MAIN (0)
[2018-01-16T13:47:37+0100] DFHack 0.44.05-alpha1-0-gce1644d6 on Windows; cwd md5: 27d1c9aa05; save: region2; SC_WORLD_LOADED; game type DWARF_MAIN (0)
[2018-01-16T13:47:37+0100] DFHack 0.44.05-alpha1-0-gce1644d6 on Windows; cwd md5: 27d1c9aa05; save: region2; SC_MAP_LOADED; game type DWARF_MAIN (0)
[2018-01-16T20:15:51+0100] DFHack 0.44.05-alpha1-0-gce1644d6 on Windows; cwd md5: 27d1c9aa05; save: region2; SC_MAP_UNLOADED; game type DWARF_MAIN (0)
[2018-01-16T20:15:51+0100] DFHack 0.44.05-alpha1-0-gce1644d6 on Windows; cwd md5: 27d1c9aa05; save: region2; SC_WORLD_UNLOADED; game type DWARF_MAIN (0)
